Terminals unused in grammar

   PROGRAM


Grammar

    0 $accept: prog $end

    1 prog: %empty


Terminals, with rules where they appear

$end (0) 0
error (256)
PROGRAM (258)


Nonterminals, with rules where they appear

$accept (4)
    on left: 0
prog (5)
    on left: 1, on right: 0


State 0

    0 $accept: . prog $end

    $default  reduce using rule 1 (prog)

    prog  go to state 1


State 1

    0 $accept: prog . $end

    $end  shift, and go to state 2


State 2

    0 $accept: prog $end .

    $default  accept
